2023-11-10 12:12:57,221 [Worker-4: Loading available Gradle versions] INFO  o.e.b.c.i.u.g.PublishedGradleVersions - Gradle version information cache is up-to-date. Trying to read.
2023-11-10 12:13:57,258 [Worker-7: Update Maven projects configuration] INFO  o.e.m.c.i.p.ProjectConfigurationManager - Update started
2023-11-10 12:13:58,560 [Worker-7: Update Maven projects configuration] INFO  o.e.m.c.i.l.LifecycleMappingFactory - Using org.eclipse.m2e.jdt.JarLifecycleMapping lifecycle mapping for MavenProject: com.example:ISA-project:0.0.1-SNAPSHOT @ C:\Users\Mina\Desktop\ISA-project\ISA-project\pom.xml.
2023-11-10 12:14:00,028 [Worker-7: Update Maven projects configuration] INFO  o.e.m.j.i.AbstractJavaProjectConfigurator - Adding source folder /ISA-project/src/main/java
2023-11-10 12:14:00,029 [Worker-7: Update Maven projects configuration] INFO  o.e.m.j.i.AbstractJavaProjectConfigurator - Adding resource folder /ISA-project/src/main/resources
2023-11-10 12:14:00,041 [Worker-7: Update Maven projects configuration] INFO  o.e.m.j.i.AbstractJavaProjectConfigurator - Adding resource folder /ISA-project/src/main/resources
2023-11-10 12:14:00,051 [Worker-7: Update Maven projects configuration] INFO  o.e.m.j.i.AbstractJavaProjectConfigurator - Adding source folder /ISA-project/src/test/java
2023-11-10 12:14:00,505 [Worker-16: Building] INFO  o.a.m.s.f.DefaultMavenResourcesFiltering - Copying 1 resource from src\main\resources to target\classes
2023-11-10 12:14:00,527 [Worker-16: Building] INFO  o.a.m.s.f.DefaultMavenResourcesFiltering - Copying 0 resource from src\main\resources to target\classes
2023-11-10 12:14:00,531 [Worker-16: Building] INFO  o.a.m.s.f.DefaultMavenResourcesFiltering - skip non existing resourceDirectory C:\Users\Mina\Desktop\ISA-project\ISA-project\src\test\resources
2023-11-10 12:14:02,408 [Worker-7: Update Maven projects configuration] INFO  o.e.m.c.i.p.ProjectConfigurationManager - Update completed for 1 poms: local refresh takes 0.00 sec, refresh facades takes 2.00 sec, update config takes 2.00 sec 
2023-11-10 12:14:02,547 [Worker-3: Building] INFO  o.a.m.s.f.DefaultMavenResourcesFiltering - Copying 1 resource from src\main\resources to target\classes
2023-11-10 12:14:02,549 [Worker-3: Building] INFO  o.a.m.s.f.DefaultMavenResourcesFiltering - Copying 0 resource from src\main\resources to target\classes
2023-11-10 12:14:02,552 [Worker-3: Building] INFO  o.a.m.s.f.DefaultMavenResourcesFiltering - skip non existing resourceDirectory C:\Users\Mina\Desktop\ISA-project\ISA-project\src\test\resources
2023-11-10 12:25:33,306 [main] INFO  o.e.m2e.actions.ExecutePomAction - Creating new launch configuration
2023-11-10 12:31:41,470 [Worker-23: Launching ISA-project] INFO  o.eclipse.m2e.core.internal.Bundles - getClasspathEntries(Bundle=org.eclipse.m2e.maven.runtime_3.8.701.20230209-1606 [273])
2023-11-10 12:31:41,482 [Worker-23: Launching ISA-project] INFO  o.eclipse.m2e.core.internal.Bundles - 	Entry: C:\Users\Mina\.p2\pool\plugins\org.eclipse.m2e.maven.runtime_3.8.701.20230209-1606
2023-11-10 12:31:41,483 [Worker-23: Launching ISA-project] INFO  o.eclipse.m2e.core.internal.Bundles - 	Entry: C:\Users\Mina\.p2\pool\plugins\org.eclipse.m2e.maven.runtime_3.8.701.20230209-1606\jars\aether-connector-okhttp-0.17.8.jar
2023-11-10 12:31:41,483 [Worker-23: Launching ISA-project] INFO  o.eclipse.m2e.core.internal.Bundles - 	Entry: C:\Users\Mina\.p2\pool\plugins\org.eclipse.m2e.maven.runtime_3.8.701.20230209-1606\jars\commons-lang3-3.8.1.jar
2023-11-10 12:31:41,483 [Worker-23: Launching ISA-project] INFO  o.eclipse.m2e.core.internal.Bundles - 	Entry: C:\Users\Mina\.p2\pool\plugins\org.eclipse.m2e.maven.runtime_3.8.701.20230209-1606\jars\guice-4.2.2-no_aop.jar
2023-11-10 12:31:41,484 [Worker-23: Launching ISA-project] INFO  o.eclipse.m2e.core.internal.Bundles - 	Entry: C:\Users\Mina\.p2\pool\plugins\org.eclipse.m2e.maven.runtime_3.8.701.20230209-1606\jars\jansi-2.4.0.jar
2023-11-10 12:31:41,484 [Worker-23: Launching ISA-project] INFO  o.eclipse.m2e.core.internal.Bundles - 	Entry: C:\Users\Mina\.p2\pool\plugins\org.eclipse.m2e.maven.runtime_3.8.701.20230209-1606\jars\maven-artifact-3.8.7.jar
2023-11-10 12:31:41,484 [Worker-23: Launching ISA-project] INFO  o.eclipse.m2e.core.internal.Bundles - 	Entry: C:\Users\Mina\.p2\pool\plugins\org.eclipse.m2e.maven.runtime_3.8.701.20230209-1606\jars\maven-builder-support-3.8.7.jar
2023-11-10 12:31:41,484 [Worker-23: Launching ISA-project] INFO  o.eclipse.m2e.core.internal.Bundles - 	Entry: C:\Users\Mina\.p2\pool\plugins\org.eclipse.m2e.maven.runtime_3.8.701.20230209-1606\jars\maven-compat-3.8.7.jar
2023-11-10 12:31:41,484 [Worker-23: Launching ISA-project] INFO  o.eclipse.m2e.core.internal.Bundles - 	Entry: C:\Users\Mina\.p2\pool\plugins\org.eclipse.m2e.maven.runtime_3.8.701.20230209-1606\jars\maven-core-3.8.7.jar
2023-11-10 12:31:41,486 [Worker-23: Launching ISA-project] INFO  o.eclipse.m2e.core.internal.Bundles - 	Entry: C:\Users\Mina\.p2\pool\plugins\org.eclipse.m2e.maven.runtime_3.8.701.20230209-1606\jars\maven-embedder-3.8.7.jar
2023-11-10 12:31:41,486 [Worker-23: Launching ISA-project] INFO  o.eclipse.m2e.core.internal.Bundles - 	Entry: C:\Users\Mina\.p2\pool\plugins\org.eclipse.m2e.maven.runtime_3.8.701.20230209-1606\jars\maven-model-3.8.7.jar
2023-11-10 12:31:41,486 [Worker-23: Launching ISA-project] INFO  o.eclipse.m2e.core.internal.Bundles - 	Entry: C:\Users\Mina\.p2\pool\plugins\org.eclipse.m2e.maven.runtime_3.8.701.20230209-1606\jars\maven-model-builder-3.8.7.jar
2023-11-10 12:31:41,486 [Worker-23: Launching ISA-project] INFO  o.eclipse.m2e.core.internal.Bundles - 	Entry: C:\Users\Mina\.p2\pool\plugins\org.eclipse.m2e.maven.runtime_3.8.701.20230209-1606\jars\maven-plugin-api-3.8.7.jar
2023-11-10 12:31:41,487 [Worker-23: Launching ISA-project] INFO  o.eclipse.m2e.core.internal.Bundles - 	Entry: C:\Users\Mina\.p2\pool\plugins\org.eclipse.m2e.maven.runtime_3.8.701.20230209-1606\jars\maven-repository-metadata-3.8.7.jar
2023-11-10 12:31:41,487 [Worker-23: Launching ISA-project] INFO  o.eclipse.m2e.core.internal.Bundles - 	Entry: C:\Users\Mina\.p2\pool\plugins\org.eclipse.m2e.maven.runtime_3.8.701.20230209-1606\jars\maven-resolver-api-1.6.3.jar
2023-11-10 12:31:41,487 [Worker-23: Launching ISA-project] INFO  o.eclipse.m2e.core.internal.Bundles - 	Entry: C:\Users\Mina\.p2\pool\plugins\org.eclipse.m2e.maven.runtime_3.8.701.20230209-1606\jars\maven-resolver-connector-basic-1.6.3.jar
2023-11-10 12:31:41,487 [Worker-23: Launching ISA-project] INFO  o.eclipse.m2e.core.internal.Bundles - 	Entry: C:\Users\Mina\.p2\pool\plugins\org.eclipse.m2e.maven.runtime_3.8.701.20230209-1606\jars\maven-resolver-impl-1.6.3.jar
2023-11-10 12:31:41,488 [Worker-23: Launching ISA-project] INFO  o.eclipse.m2e.core.internal.Bundles - 	Entry: C:\Users\Mina\.p2\pool\plugins\org.eclipse.m2e.maven.runtime_3.8.701.20230209-1606\jars\maven-resolver-provider-3.8.7.jar
2023-11-10 12:31:41,488 [Worker-23: Launching ISA-project] INFO  o.eclipse.m2e.core.internal.Bundles - 	Entry: C:\Users\Mina\.p2\pool\plugins\org.eclipse.m2e.maven.runtime_3.8.701.20230209-1606\jars\maven-resolver-spi-1.6.3.jar
2023-11-10 12:31:41,488 [Worker-23: Launching ISA-project] INFO  o.eclipse.m2e.core.internal.Bundles - 	Entry: C:\Users\Mina\.p2\pool\plugins\org.eclipse.m2e.maven.runtime_3.8.701.20230209-1606\jars\maven-resolver-transport-wagon-1.6.3.jar
2023-11-10 12:31:41,489 [Worker-23: Launching ISA-project] INFO  o.eclipse.m2e.core.internal.Bundles - 	Entry: C:\Users\Mina\.p2\pool\plugins\org.eclipse.m2e.maven.runtime_3.8.701.20230209-1606\jars\maven-resolver-util-1.6.3.jar
2023-11-10 12:31:41,489 [Worker-23: Launching ISA-project] INFO  o.eclipse.m2e.core.internal.Bundles - 	Entry: C:\Users\Mina\.p2\pool\plugins\org.eclipse.m2e.maven.runtime_3.8.701.20230209-1606\jars\maven-settings-3.8.7.jar
2023-11-10 12:31:41,490 [Worker-23: Launching ISA-project] INFO  o.eclipse.m2e.core.internal.Bundles - 	Entry: C:\Users\Mina\.p2\pool\plugins\org.eclipse.m2e.maven.runtime_3.8.701.20230209-1606\jars\maven-settings-builder-3.8.7.jar
2023-11-10 12:31:41,490 [Worker-23: Launching ISA-project] INFO  o.eclipse.m2e.core.internal.Bundles - 	Entry: C:\Users\Mina\.p2\pool\plugins\org.eclipse.m2e.maven.runtime_3.8.701.20230209-1606\jars\maven-shared-utils-3.3.4.jar
2023-11-10 12:31:41,491 [Worker-23: Launching ISA-project] INFO  o.eclipse.m2e.core.internal.Bundles - 	Entry: C:\Users\Mina\.p2\pool\plugins\org.eclipse.m2e.maven.runtime_3.8.701.20230209-1606\jars\okhttp-3.14.1.jar
2023-11-10 12:31:41,491 [Worker-23: Launching ISA-project] INFO  o.eclipse.m2e.core.internal.Bundles - 	Entry: C:\Users\Mina\.p2\pool\plugins\org.eclipse.m2e.maven.runtime_3.8.701.20230209-1606\jars\okio-1.17.3.jar
2023-11-10 12:31:41,491 [Worker-23: Launching ISA-project] INFO  o.eclipse.m2e.core.internal.Bundles - 	Entry: C:\Users\Mina\.p2\pool\plugins\org.eclipse.m2e.maven.runtime_3.8.701.20230209-1606\jars\org.eclipse.sisu.inject-0.3.5.jar
2023-11-10 12:31:41,492 [Worker-23: Launching ISA-project] INFO  o.eclipse.m2e.core.internal.Bundles - 	Entry: C:\Users\Mina\.p2\pool\plugins\org.eclipse.m2e.maven.runtime_3.8.701.20230209-1606\jars\org.eclipse.sisu.plexus-0.3.5.jar
2023-11-10 12:31:41,492 [Worker-23: Launching ISA-project] INFO  o.eclipse.m2e.core.internal.Bundles - 	Entry: C:\Users\Mina\.p2\pool\plugins\org.eclipse.m2e.maven.runtime_3.8.701.20230209-1606\jars\plexus-build-api-0.0.7.jar
2023-11-10 12:31:41,493 [Worker-23: Launching ISA-project] INFO  o.eclipse.m2e.core.internal.Bundles - 	Entry: C:\Users\Mina\.p2\pool\plugins\org.eclipse.m2e.maven.runtime_3.8.701.20230209-1606\jars\plexus-cipher-2.0.jar
2023-11-10 12:31:41,493 [Worker-23: Launching ISA-project] INFO  o.eclipse.m2e.core.internal.Bundles - 	Entry: C:\Users\Mina\.p2\pool\plugins\org.eclipse.m2e.maven.runtime_3.8.701.20230209-1606\jars\plexus-classworlds-2.6.0.jar
2023-11-10 12:31:41,493 [Worker-23: Launching ISA-project] INFO  o.eclipse.m2e.core.internal.Bundles - 	Entry: C:\Users\Mina\.p2\pool\plugins\org.eclipse.m2e.maven.runtime_3.8.701.20230209-1606\jars\plexus-component-annotations-2.1.0.jar
2023-11-10 12:31:41,493 [Worker-23: Launching ISA-project] INFO  o.eclipse.m2e.core.internal.Bundles - 	Entry: C:\Users\Mina\.p2\pool\plugins\org.eclipse.m2e.maven.runtime_3.8.701.20230209-1606\jars\plexus-interpolation-1.26.jar
2023-11-10 12:31:41,493 [Worker-23: Launching ISA-project] INFO  o.eclipse.m2e.core.internal.Bundles - 	Entry: C:\Users\Mina\.p2\pool\plugins\org.eclipse.m2e.maven.runtime_3.8.701.20230209-1606\jars\plexus-sec-dispatcher-2.0.jar
2023-11-10 12:31:41,494 [Worker-23: Launching ISA-project] INFO  o.eclipse.m2e.core.internal.Bundles - 	Entry: C:\Users\Mina\.p2\pool\plugins\org.eclipse.m2e.maven.runtime_3.8.701.20230209-1606\jars\plexus-utils-3.3.1.jar
2023-11-10 12:31:41,494 [Worker-23: Launching ISA-project] INFO  o.eclipse.m2e.core.internal.Bundles - 	Entry: C:\Users\Mina\.p2\pool\plugins\org.eclipse.m2e.maven.runtime_3.8.701.20230209-1606\jars\wagon-file-3.5.3.jar
2023-11-10 12:31:41,494 [Worker-23: Launching ISA-project] INFO  o.eclipse.m2e.core.internal.Bundles - 	Entry: C:\Users\Mina\.p2\pool\plugins\org.eclipse.m2e.maven.runtime_3.8.701.20230209-1606\jars\wagon-provider-api-3.5.3.jar
2023-11-10 12:31:41,496 [Worker-23: Launching ISA-project] INFO  o.eclipse.m2e.core.internal.Bundles - getClasspathEntries(Bundle=com.google.guava_31.1.0.jre [9])
2023-11-10 12:31:41,498 [Worker-23: Launching ISA-project] INFO  o.eclipse.m2e.core.internal.Bundles - 	Entry: C:\Users\Mina\.p2\pool\plugins\com.google.guava_31.1.0.jre.jar
2023-11-10 12:31:41,498 [Worker-23: Launching ISA-project] INFO  o.eclipse.m2e.core.internal.Bundles - getClasspathEntries(Bundle=slf4j.api_1.7.36 [441])
2023-11-10 12:31:41,501 [Worker-23: Launching ISA-project] INFO  o.eclipse.m2e.core.internal.Bundles - 	Entry: C:\Users\Mina\.p2\pool\plugins\slf4j.api_1.7.36.jar
2023-11-10 12:31:41,501 [Worker-23: Launching ISA-project] INFO  o.eclipse.m2e.core.internal.Bundles - getClasspathEntries(Bundle=javax.inject_1.0.0.v20220405-0441 [21])
2023-11-10 12:31:41,504 [Worker-23: Launching ISA-project] INFO  o.eclipse.m2e.core.internal.Bundles - 	Entry: C:\Users\Mina\.p2\pool\plugins\javax.inject_1.0.0.v20220405-0441.jar
2023-11-10 12:31:41,504 [Worker-23: Launching ISA-project] INFO  o.eclipse.m2e.core.internal.Bundles - getClasspathEntries(Bundle=javax.annotation_1.3.5.v20221203-1659 [19])
2023-11-10 12:31:41,507 [Worker-23: Launching ISA-project] INFO  o.eclipse.m2e.core.internal.Bundles - 	Entry: C:\Users\Mina\.p2\pool\plugins\javax.annotation_1.3.5.v20221203-1659.jar
2023-11-10 12:31:41,507 [Worker-23: Launching ISA-project] INFO  o.eclipse.m2e.core.internal.Bundles - getClasspathEntries(Bundle=org.apache.commons.cli_1.4.0.v20221112-0806 [41])
2023-11-10 12:31:41,510 [Worker-23: Launching ISA-project] INFO  o.eclipse.m2e.core.internal.Bundles - 	Entry: C:\Users\Mina\.p2\pool\plugins\org.apache.commons.cli_1.4.0.v20221112-0806.jar
2023-11-10 12:31:41,510 [Worker-23: Launching ISA-project] INFO  o.eclipse.m2e.core.internal.Bundles - getClasspathEntries(Bundle=com.google.guava.failureaccess_1.0.1 [11])
2023-11-10 12:31:41,513 [Worker-23: Launching ISA-project] INFO  o.eclipse.m2e.core.internal.Bundles - 	Entry: C:\Users\Mina\.p2\pool\plugins\com.google.guava.failureaccess_1.0.1.jar
2023-11-10 12:31:41,518 [Worker-23: Launching ISA-project] INFO  o.e.m.i.launch.MavenLaunchDelegate - Run build in "C:\Users\Mina\Desktop\ISA-project\ISA-project":
2023-11-10 12:31:41,524 [Worker-23: Launching ISA-project] INFO  o.e.m.i.launch.MavenLaunchDelegate -  mvn  -B -Dstyle.color=always 
2023-11-10 12:33:39,319 [Worker-25: Updating Maven Project] INFO  o.e.m.c.i.p.ProjectConfigurationManager - Update started
2023-11-10 12:33:39,648 [Worker-25: Updating Maven Project] INFO  o.e.m.c.i.l.LifecycleMappingFactory - Using org.eclipse.m2e.jdt.JarLifecycleMapping lifecycle mapping for MavenProject: com.example:ISA-project:0.0.1-SNAPSHOT @ C:\Users\Mina\Desktop\ISA-project\ISA-project\pom.xml.
2023-11-10 12:33:40,386 [Worker-25: Updating Maven Project] INFO  o.e.m.j.i.AbstractJavaProjectConfigurator - Adding source folder /ISA-project/src/main/java
2023-11-10 12:33:40,386 [Worker-25: Updating Maven Project] INFO  o.e.m.j.i.AbstractJavaProjectConfigurator - Adding resource folder /ISA-project/src/main/resources
2023-11-10 12:33:40,387 [Worker-25: Updating Maven Project] INFO  o.e.m.j.i.AbstractJavaProjectConfigurator - Adding resource folder /ISA-project/src/main/resources
2023-11-10 12:33:40,388 [Worker-25: Updating Maven Project] INFO  o.e.m.j.i.AbstractJavaProjectConfigurator - Adding source folder /ISA-project/src/test/java
2023-11-10 12:33:40,681 [Worker-25: Updating Maven Project] INFO  o.e.m.c.i.p.ProjectConfigurationManager - Update completed for 1 poms: local refresh takes 0.00 sec, refresh facades takes 0.00 sec, update config takes 0.00 sec 
2023-11-10 12:33:41,148 [Worker-26: Building] INFO  o.a.m.s.f.DefaultMavenResourcesFiltering - Copying 1 resource from src\main\resources to target\classes
2023-11-10 12:33:41,178 [Worker-26: Building] INFO  o.a.m.s.f.DefaultMavenResourcesFiltering - Copying 0 resource from src\main\resources to target\classes
2023-11-10 12:33:41,182 [Worker-26: Building] INFO  o.a.m.s.f.DefaultMavenResourcesFiltering - skip non existing resourceDirectory C:\Users\Mina\Desktop\ISA-project\ISA-project\src\test\resources
2023-11-10 12:36:17,277 [Worker-29: Importing Maven projects] INFO  o.e.m.c.i.l.LifecycleMappingFactory - Using org.eclipse.m2e.jdt.JarLifecycleMapping lifecycle mapping for MavenProject: com.example:ISA-project:0.0.1-SNAPSHOT @ C:\Users\Mina\Desktop\ISA-project\ISA-project\pom.xml.
2023-11-10 12:36:18,009 [Worker-29: Importing Maven projects] INFO  o.e.m.j.i.AbstractJavaProjectConfigurator - Adding source folder /ISA-project/src/main/java
2023-11-10 12:36:18,009 [Worker-29: Importing Maven projects] INFO  o.e.m.j.i.AbstractJavaProjectConfigurator - Adding resource folder /ISA-project/src/main/resources
2023-11-10 12:36:18,009 [Worker-29: Importing Maven projects] INFO  o.e.m.j.i.AbstractJavaProjectConfigurator - Adding resource folder /ISA-project/src/main/resources
2023-11-10 12:36:18,010 [Worker-29: Importing Maven projects] INFO  o.e.m.j.i.AbstractJavaProjectConfigurator - Adding source folder /ISA-project/src/test/java
2023-11-10 12:36:18,230 [Worker-29: Importing Maven projects] INFO  o.e.m.c.i.p.ProjectConfigurationManager - Imported and configured 1 project(s) in 1 sec
2023-11-10 12:36:18,647 [Worker-24: Building] INFO  o.a.m.s.f.DefaultMavenResourcesFiltering - Copying 1 resource from src\main\resources to target\classes
2023-11-10 12:36:18,672 [Worker-24: Building] INFO  o.a.m.s.f.DefaultMavenResourcesFiltering - Copying 0 resource from src\main\resources to target\classes
2023-11-10 12:36:18,677 [Worker-24: Building] INFO  o.a.m.s.f.DefaultMavenResourcesFiltering - skip non existing resourceDirectory C:\Users\Mina\Desktop\ISA-project\ISA-project\src\test\resources
2023-11-10 12:36:25,925 [main] INFO  o.e.m2e.actions.ExecutePomAction - Using existing launch configuration
2023-11-10 12:49:30,838 [Worker-29: Building] INFO  o.e.m.c.i.l.LifecycleMappingFactory - Using org.eclipse.m2e.jdt.JarLifecycleMapping lifecycle mapping for MavenProject: rs.ac.uns.ftn.informatika.springapp:spring-app-xml-configuration:0.0.1-SNAPSHOT @ C:\Users\Mina\Desktop\ISA-Vezbe\isa-vezbe\Vezbe01\spring-app-xml-configuration\pom.xml.
2023-11-10 12:49:31,393 [Worker-29: Building] INFO  o.e.m.c.i.embedder.EclipseLogger - Using 'UTF-8' encoding to copy filtered resources.
2023-11-10 12:49:31,394 [Worker-29: Building] INFO  o.e.m.c.i.embedder.EclipseLogger - Copying 1 resource
2023-11-10 12:49:31,405 [Worker-29: Building] INFO  o.e.m.c.i.embedder.EclipseLogger - Using 'UTF-8' encoding to copy filtered resources.
2023-11-10 12:49:31,405 [Worker-29: Building] INFO  o.e.m.c.i.embedder.EclipseLogger - skip non existing resourceDirectory C:\Users\Mina\Desktop\ISA-Vezbe\isa-vezbe\Vezbe01\spring-app-xml-configuration\src\test\resources
2023-11-10 12:49:32,631 [Worker-39: Updating Maven Dependencies] INFO  o.e.m.c.i.l.LifecycleMappingFactory - Using org.eclipse.m2e.jdt.JarLifecycleMapping lifecycle mapping for MavenProject: rs.ac.uns.ftn.informatika.springapp:spring-app-xml-configuration:0.0.1-SNAPSHOT @ C:\Users\Mina\Desktop\ISA-Vezbe\isa-vezbe\Vezbe01\spring-app-xml-configuration\pom.xml.
2023-11-10 12:50:10,834 [Worker-38: Updating Maven Dependencies] INFO  o.e.m.c.i.l.LifecycleMappingFactory - Using org.maven.ide.eclipse.wtp.WarLifecycleMapping lifecycle mapping for MavenProject: rs.ac.uns.ftn.informatika:jpa-example:0.0.1-SNAPSHOT @ C:\Users\Mina\Desktop\ISA-Vezbe\isa-vezbe\Vezbe03\jpa-example\pom.xml.
2023-11-10 12:50:10,834 [Worker-34: Building] INFO  o.e.m.c.i.l.LifecycleMappingFactory - Using org.maven.ide.eclipse.wtp.WarLifecycleMapping lifecycle mapping for MavenProject: rs.ac.uns.ftn.informatika:jpa-example:0.0.1-SNAPSHOT @ C:\Users\Mina\Desktop\ISA-Vezbe\isa-vezbe\Vezbe03\jpa-example\pom.xml.
2023-11-10 12:50:12,514 [Worker-34: Building] INFO  o.e.m.c.i.embedder.EclipseLogger - Using 'UTF-8' encoding to copy filtered resources.
2023-11-10 12:50:12,514 [Worker-34: Building] INFO  o.e.m.c.i.embedder.EclipseLogger - Copying 1 resource
2023-11-10 12:50:12,531 [Worker-34: Building] INFO  o.e.m.c.i.embedder.EclipseLogger - Copying 1 resource
2023-11-10 12:50:12,541 [Worker-34: Building] INFO  o.e.m.c.i.embedder.EclipseLogger - Using 'UTF-8' encoding to copy filtered resources.
2023-11-10 12:50:12,541 [Worker-34: Building] INFO  o.e.m.c.i.embedder.EclipseLogger - skip non existing resourceDirectory C:\Users\Mina\Desktop\ISA-Vezbe\isa-vezbe\Vezbe03\jpa-example\src\test\resources
2023-11-10 12:50:14,858 [Worker-38: Updating Maven Dependencies] INFO  o.e.m.c.i.l.LifecycleMappingFactory - Using org.maven.ide.eclipse.wtp.WarLifecycleMapping lifecycle mapping for MavenProject: rs.ac.uns.ftn.informatika:jpa-example:0.0.1-SNAPSHOT @ C:\Users\Mina\Desktop\ISA-Vezbe\isa-vezbe\Vezbe03\jpa-example\pom.xml.
2023-11-10 12:59:42,263 [Worker-48: Building] INFO  o.a.m.s.f.DefaultMavenResourcesFiltering - Copying 1 resource from src\main\resources to target\classes
2023-11-10 12:59:42,266 [Worker-48: Building] INFO  o.a.m.s.f.DefaultMavenResourcesFiltering - Copying 0 resource from src\main\resources to target\classes
2023-11-10 12:59:42,268 [Worker-48: Building] INFO  o.a.m.s.f.DefaultMavenResourcesFiltering - skip non existing resourceDirectory C:\Users\Mina\Desktop\ISA-project\ISA-project\src\test\resources
2023-11-10 13:02:46,386 [main] INFO  o.e.m2e.actions.ExecutePomAction - Using existing launch configuration
2023-11-10 13:03:40,660 [Worker-49: Updating Maven Project] INFO  o.e.m.c.i.p.ProjectConfigurationManager - Update started
2023-11-10 13:03:40,930 [Worker-49: Updating Maven Project] INFO  o.e.m.c.i.l.LifecycleMappingFactory - Using org.eclipse.m2e.jdt.JarLifecycleMapping lifecycle mapping for MavenProject: com.example:ISA-project:0.0.1-SNAPSHOT @ C:\Users\Mina\Desktop\ISA-project\ISA-project\pom.xml.
2023-11-10 13:03:41,523 [Worker-49: Updating Maven Project] INFO  o.e.m.j.i.AbstractJavaProjectConfigurator - Adding source folder /ISA-project/src/main/java
2023-11-10 13:03:41,523 [Worker-49: Updating Maven Project] INFO  o.e.m.j.i.AbstractJavaProjectConfigurator - Adding resource folder /ISA-project/src/main/resources
2023-11-10 13:03:41,524 [Worker-49: Updating Maven Project] INFO  o.e.m.j.i.AbstractJavaProjectConfigurator - Adding resource folder /ISA-project/src/main/resources
2023-11-10 13:03:41,524 [Worker-49: Updating Maven Project] INFO  o.e.m.j.i.AbstractJavaProjectConfigurator - Adding source folder /ISA-project/src/test/java
2023-11-10 13:03:41,858 [Worker-49: Updating Maven Project] INFO  o.e.m.c.i.p.ProjectConfigurationManager - Update completed for 1 poms: local refresh takes 0.00 sec, refresh facades takes 0.00 sec, update config takes 0.00 sec 
2023-11-10 13:03:42,212 [Worker-52: Building] INFO  o.a.m.s.f.DefaultMavenResourcesFiltering - Copying 1 resource from src\main\resources to target\classes
2023-11-10 13:03:42,234 [Worker-52: Building] INFO  o.a.m.s.f.DefaultMavenResourcesFiltering - Copying 0 resource from src\main\resources to target\classes
2023-11-10 13:03:42,238 [Worker-52: Building] INFO  o.a.m.s.f.DefaultMavenResourcesFiltering - skip non existing resourceDirectory C:\Users\Mina\Desktop\ISA-project\ISA-project\src\test\resources
2023-11-10 15:26:08,579 [Worker-57: Updating Maven Project] INFO  o.e.m.c.i.p.ProjectConfigurationManager - Update started
2023-11-10 15:26:09,068 [Worker-57: Updating Maven Project] INFO  o.e.m.c.i.l.LifecycleMappingFactory - Using org.eclipse.m2e.jdt.JarLifecycleMapping lifecycle mapping for MavenProject: com.example:ISA-project:0.0.1-SNAPSHOT @ C:\Users\Mina\Desktop\ISA-project\ISA-project\pom.xml.
2023-11-10 15:26:09,922 [Worker-57: Updating Maven Project] INFO  o.e.m.j.i.AbstractJavaProjectConfigurator - Adding source folder /ISA-project/src/main/java
2023-11-10 15:26:09,924 [Worker-57: Updating Maven Project] INFO  o.e.m.j.i.AbstractJavaProjectConfigurator - Adding resource folder /ISA-project/src/main/resources
2023-11-10 15:26:09,924 [Worker-57: Updating Maven Project] INFO  o.e.m.j.i.AbstractJavaProjectConfigurator - Adding resource folder /ISA-project/src/main/resources
2023-11-10 15:26:09,925 [Worker-57: Updating Maven Project] INFO  o.e.m.j.i.AbstractJavaProjectConfigurator - Adding source folder /ISA-project/src/test/java
2023-11-10 15:26:10,244 [Worker-57: Updating Maven Project] INFO  o.e.m.c.i.p.ProjectConfigurationManager - Update completed for 1 poms: local refresh takes 0.00 sec, refresh facades takes 1.00 sec, update config takes 0.00 sec 
2023-11-10 15:26:10,982 [Worker-67: Building] INFO  o.a.m.s.f.DefaultMavenResourcesFiltering - Copying 1 resource from src\main\resources to target\classes
2023-11-10 15:26:11,030 [Worker-67: Building] INFO  o.a.m.s.f.DefaultMavenResourcesFiltering - Copying 0 resource from src\main\resources to target\classes
2023-11-10 15:26:11,046 [Worker-67: Building] INFO  o.a.m.s.f.DefaultMavenResourcesFiltering - skip non existing resourceDirectory C:\Users\Mina\Desktop\ISA-project\ISA-project\src\test\resources
2023-11-10 15:30:35,383 [Worker-61: Building] INFO  o.a.m.s.f.DefaultMavenResourcesFiltering - Copying 1 resource from src\main\resources to target\classes
2023-11-10 15:30:35,702 [Worker-61: Building] INFO  o.a.m.s.f.DefaultMavenResourcesFiltering - Copying 0 resource from src\main\resources to target\classes
2023-11-10 15:30:35,706 [Worker-61: Building] INFO  o.a.m.s.f.DefaultMavenResourcesFiltering - skip non existing resourceDirectory C:\Users\Mina\Desktop\ISA-project\ISA-project\src\test\resources
2023-11-10 15:31:24,502 [Worker-71: Building] INFO  o.a.m.s.f.DefaultMavenResourcesFiltering - Copying 1 resource from src\main\resources to target\classes
2023-11-10 15:31:24,509 [Worker-71: Building] INFO  o.a.m.s.f.DefaultMavenResourcesFiltering - Copying 0 resource from src\main\resources to target\classes
2023-11-10 15:31:24,513 [Worker-71: Building] INFO  o.a.m.s.f.DefaultMavenResourcesFiltering - skip non existing resourceDirectory C:\Users\Mina\Desktop\ISA-project\ISA-project\src\test\resources
2023-11-10 15:32:13,550 [Worker-63: Building] INFO  o.a.m.s.f.DefaultMavenResourcesFiltering - Copying 1 resource from src\main\resources to target\classes
2023-11-10 15:32:13,619 [Worker-63: Building] INFO  o.a.m.s.f.DefaultMavenResourcesFiltering - Copying 0 resource from src\main\resources to target\classes
2023-11-10 15:32:13,624 [Worker-63: Building] INFO  o.a.m.s.f.DefaultMavenResourcesFiltering - skip non existing resourceDirectory C:\Users\Mina\Desktop\ISA-project\ISA-project\src\test\resources
2023-11-10 15:32:19,758 [Worker-72: Building] INFO  o.a.m.s.f.DefaultMavenResourcesFiltering - Copying 1 resource from src\main\resources to target\classes
2023-11-10 15:32:19,885 [Worker-72: Building] INFO  o.a.m.s.f.DefaultMavenResourcesFiltering - Copying 0 resource from src\main\resources to target\classes
2023-11-10 15:32:19,888 [Worker-72: Building] INFO  o.a.m.s.f.DefaultMavenResourcesFiltering - skip non existing resourceDirectory C:\Users\Mina\Desktop\ISA-project\ISA-project\src\test\resources
2023-11-10 15:32:53,374 [Worker-70: Building] INFO  o.a.m.s.f.DefaultMavenResourcesFiltering - Copying 1 resource from src\main\resources to target\classes
2023-11-10 15:32:53,633 [Worker-70: Building] INFO  o.a.m.s.f.DefaultMavenResourcesFiltering - Copying 0 resource from src\main\resources to target\classes
2023-11-10 15:32:53,636 [Worker-70: Building] INFO  o.a.m.s.f.DefaultMavenResourcesFiltering - skip non existing resourceDirectory C:\Users\Mina\Desktop\ISA-project\ISA-project\src\test\resources
2023-11-10 15:36:45,701 [Worker-75: Building] INFO  o.a.m.s.f.DefaultMavenResourcesFiltering - Copying 1 resource from src\main\resources to target\classes
2023-11-10 15:36:46,028 [Worker-75: Building] INFO  o.a.m.s.f.DefaultMavenResourcesFiltering - Copying 0 resource from src\main\resources to target\classes
2023-11-10 15:36:46,034 [Worker-75: Building] INFO  o.a.m.s.f.DefaultMavenResourcesFiltering - skip non existing resourceDirectory C:\Users\Mina\Desktop\ISA-project\ISA-project\src\test\resources
2023-11-10 17:16:33,774 [Worker-80: Building] INFO  o.a.m.s.f.DefaultMavenResourcesFiltering - Copying 1 resource from src\main\resources to target\classes
2023-11-10 17:16:34,065 [Worker-80: Building] INFO  o.a.m.s.f.DefaultMavenResourcesFiltering - Copying 0 resource from src\main\resources to target\classes
2023-11-10 17:16:34,072 [Worker-80: Building] INFO  o.a.m.s.f.DefaultMavenResourcesFiltering - skip non existing resourceDirectory C:\Users\Mina\Desktop\ISA-project\ISA-project\src\test\resources
